 ============================>     TALLY 7     <============================

 Incoming Energy [1e-05, 1.058283585339154e-05)
   Total Material
     Flux                                 0 +/- 0
 Incoming Energy [1.058283585339154e-05, 1.1199641469982942e-05)
   Total Material
     Flux                                 0 +/- 0
 Incoming Energy [1.1199641469982942e-05, 1.1852396729366596e-05)
   Total Material
     Flux                                 0 +/- 0
 Incoming Energy [1.1852396729366596e-05, 1.254319690561614e-05)
   Total Material
     Flux                                 0 +/- 0
 Incoming Energy [1.254319690561614e-05, 1.3274259392890431e-05)
   Total Material
     Flux                                 0 +/- 0
 Incoming Energy [1.3274259392890431e-05, 1.4047930823030026e-05)
   Total Material
     Flux                                 0 +/- 0
 Incoming Energy [1.4047930823030026e-05, 1.4866694597992626e-05)
   Total Material
     Flux                                 0 +/- 0
 Incoming Energy [1.4866694597992626e-05, 1.5733178861305835e-05)
   Total Material
     Flux                                 0 +/- 0
 Incoming Energy [1.5733178861305835e-05, 1.6650164934124926e-05)
   Total Material
     Flux                                 0 +/- 0
 Incoming Energy [1.6650164934124926e-05, 1.7620596242973984e-05)
   Total Material
     Flux                                 0 +/- 0
 Incoming Energy [1.7620596242973984e-05, 1.864758776782813e-05)
   Total Material
     Flux                                 0 +/- 0
 Incoming Energy [1.864758776782813e-05, 1.9734436040863702e-05)
   Total Material
     Flux                                 0 +/- 0
 Incoming Energy [1.9734436040863702e-05, 2.0884629727971414e-05)
   Total Material
     Flux                                 0 +/- 0
 Incoming Energy [2.0884629727971414e-05, 2.2101860826998267e-05)
   Total Material
     Flux                                 0 +/- 0
 Incoming Energy [2.2101860826998267e-05, 2.3390036518662722e-05)
   Total Material
     Flux                                 0 +/- 0
 Incoming Energy [2.3390036518662722e-05, 2.4753291708184126e-05)
   Total Material
     Flux                                 0 +/- 0
 Incoming Energy [2.4753291708184126e-05, 2.6196002297883046e-05)
   Total Material
     Flux                                 0 +/- 0
 Incoming Energy [2.6196002297883046e-05, 2.772279923335633e-05)
   Total Material
     Flux                                 0 +/- 0
 Incoming Energy [2.772279923335633e-05, 2.933858336831388e-05)
   Total Material
     Flux                                 0 +/- 0
 Incoming Energy [2.933858336831388e-05, 3.1048541195790885e-05)
   Total Material
     Flux                                 0 +/- 0
 Incoming Energy [3.1048541195790885e-05, 3.2858161496232e-05)
   Total Material
     Flux                                 0 +/- 0
 Incoming Energy [3.2858161496232e-05, 3.477325295588533e-05)
   Total Material
     Flux                                 0 +/- 0
 Incoming Energy [3.477325295588533e-05, 3.679996281205958e-05)
   Total Material
     Flux                                 0 +/- 0
 Incoming Energy [3.679996281205958e-05, 3.894479658509395e-05)
   Total Material
     Flux                                 0 +/- 0
 Incoming Energy [3.894479658509395e-05, 4.121463896037726e-05)
   Total Material
     Flux                                 0 +/- 0
 Incoming Energy [4.121463896037726e-05, 4.3616775887446824e-05)
   Total Material
     Flux                                 0 +/- 0
 Incoming Energy [4.3616775887446824e-05, 4.6158917967101585e-05)
   Total Material
     Flux                                 0 +/- 0
 Incoming Energy [4.6158917967101585e-05, 4.884922520160005e-05)
   Total Material
     Flux                                 0 +/- 0
 Incoming Energy [4.884922520160005e-05, 5.169633318738906e-05)
   Total Material
     Flux                                 0 +/- 0
 Incoming Energy [5.169633318738906e-05, 5.4709380834437574e-05)
   Total Material
     Flux                                 0 +/- 0
 Incoming Energy [5.4709380834437574e-05, 5.789803970115379e-05)
   Total Material
     Flux                                 0 +/- 0
 Incoming Energy [5.789803970115379e-05, 6.127254503904571e-05)
   Total Material
     Flux                                 0 +/- 0
 Incoming Energy [6.127254503904571e-05, 6.484372864677595e-05)
   Total Material
     Flux                                 0 +/- 0
 Incoming Energy [6.484372864677595e-05, 6.862305363906924e-05)
   Total Material
     Flux                                 0 +/- 0
 Incoming Energy [6.862305363906924e-05, 7.262265124207526e-05)
   Total Material
     Flux                                 0 +/- 0
 Incoming Energy [7.262265124207526e-05, 7.685535973329837e-05)
   Total Material
     Flux                                 4.97462e-05 +/- 4.97462e-05
 Incoming Energy [7.685535973329837e-05, 8.133476565108544e-05)
   Total Material
     Flux                                 1.08848e-05 +/- 1.08848e-05
 Incoming Energy [8.133476565108544e-05, 8.607524740595039e-05)
   Total Material
     Flux                                 4.28314e-06 +/- 4.28314e-06
 Incoming Energy [8.607524740595039e-05, 9.109202143372388e-05)
   Total Material
     Flux                                 0 +/- 0
 Incoming Energy [9.109202143372388e-05, 9.640119103867236e-05)
   Total Material
     Flux                                 0 +/- 0
 Incoming Energy [9.640119103867236e-05, 0.00010201979808337089)
   Total Material
     Flux                                 0 +/- 0
 Incoming Energy [0.00010201979808337089, 0.00010796587769124629)
   Total Material
     Flux                                 0 +/- 0
 Incoming Energy [0.00010796587769124629, 0.00011425851613738057)
   Total Material
     Flux                                 0 +/- 0
 Incoming Energy [0.00011425851613738057, 0.00012091791211339856)
   Total Material
     Flux                                 0 +/- 0
 Incoming Energy [0.00012091791211339856, 0.00012796544156309215)
   Total Material
     Flux                                 0 +/- 0
 Incoming Energy [0.00012796544156309215, 0.00013542372629689713)
   Total Material
     Flux                                 0 +/- 0
 Incoming Energy [0.00013542372629689713, 0.00014331670660546855)
   Total Material
     Flux                                 0 +/- 0
 Incoming Energy [0.00014331670660546855, 0.00015166971810543468)
   Total Material
     Flux                                 6.6707e-05 +/- 6.6707e-05
 Incoming Energy [0.00015166971810543468, 0.00016050957306399803)
   Total Material
     Flux                                 0 +/- 0
 Incoming Energy [0.00016050957306399803, 0.00016986464646342474)
   Total Material
     Flux                                 0.000114328 +/- 0.000104566
 Incoming Energy [0.00016986464646342474, 0.00017976496708168094)
   Total Material
     Flux                                 0.000187218 +/- 0.000139333
 Incoming Energy [0.00017976496708168094, 0.0001902423138815763)
   Total Material
     Flux                                 0 +/- 0
 Incoming Energy [0.0001902423138815763, 0.00020133031801781103)
   Total Material
     Flux                                 0 +/- 0
 Incoming Energy [0.00020133031801781103, 0.0002130645707893609)
   Total Material
     Flux                                 0.000124626 +/- 0.000124626
 Incoming Energy [0.0002130645707893609, 0.0002254827378837128)
   Total Material
     Flux                                 0 +/- 0
 Incoming Energy [0.0002254827378837128, 0.00023862468027966425)
   Total Material
     Flux                                 0 +/- 0
 Incoming Energy [0.00023862468027966425, 0.0002525325821967724)
   Total Material
     Flux                                 0 +/- 0
 Incoming Energy [0.0002525325821967724, 0.00026725108650215454)
   Total Material
     Flux                                 0 +/- 0
 Incoming Energy [0.00026725108650215454, 0.0002828274380092842)
   Total Material
     Flux                                 0 +/- 0
 Incoming Energy [0.0002828274380092842, 0.00029931163512875256)
   Total Material
     Flux                                 0 +/- 0
 Incoming Energy [0.00029931163512875256, 0.0003167565903577809)
   Total Material
     Flux                                 0 +/- 0
 Incoming Energy [0.0003167565903577809, 0.00033521830012363805)
   Total Material
     Flux                                 0 +/- 0
 Incoming Energy [0.00033521830012363805, 0.0003547560245261398)
   Total Material
     Flux                                 0 +/- 0
 Incoming Energy [0.0003547560245261398, 0.00037543247755618766)
   Total Material
     Flux                                 8.33185e-05 +/- 8.33185e-05
 Incoming Energy [0.00037543247755618766, 0.0003973140284009237)
   Total Material
     Flux                                 0.000147721 +/- 0.000147721
 Incoming Energy [0.0003973140284009237, 0.00042047091448167196)
   Total Material
     Flux                                 0 +/- 0
 Incoming Energy [0.00042047091448167196, 0.00044497746690849656)
   Total Material
     Flux                                 0.000183529 +/- 0.000124957
 Incoming Energy [0.00044497746690849656, 0.00047091234907505796)
   Total Material
     Flux                                 0 +/- 0
 Incoming Energy [0.00047091234907505796, 0.000498358809159635)
   Total Material
     Flux                                 0.000239542 +/- 0.000159725
 Incoming Energy [0.000498358809159635, 0.0005274049473428096)
   Total Material
     Flux                                 0.00018139 +/- 0.00018139
 Incoming Energy [0.0005274049473428096, 0.0005581439985995563)
   Total Material
     Flux                                 0.000809173 +/- 0.000809173
 Incoming Energy [0.0005581439985995563, 0.0005906746319734701)
   Total Material
     Flux                                 0.000371817 +/- 0.000371817
 Incoming Energy [0.0005906746319734701, 0.0006251012672937686)
   Total Material
     Flux                                 0 +/- 0
 Incoming Energy [0.0006251012672937686, 0.0006615344103516975)
   Total Material
     Flux                                 0.000121486 +/- 9.4497e-05
 Incoming Energy [0.0006615344103516975, 0.0007000910076122174)
   Total Material
     Flux                                 0 +/- 0
 Incoming Energy [0.0007000910076122174, 0.0007408948215995583)
   Total Material
     Flux                                 0.000137395 +/- 0.000118402
 Incoming Energy [0.0007408948215995583, 0.0007840768281615934)
   Total Material
     Flux                                 0.000161427 +/- 0.000139558
 Incoming Energy [0.0007840768281615934, 0.0008297756368882018)
   Total Material
     Flux                                 0.000389951 +/- 0.000324486
 Incoming Energy [0.0008297756368882018, 0.0008781379360331252)
   Total Material
     Flux                                 0.000203325 +/- 0.000106059
 Incoming Energy [0.0008781379360331252, 0.0009293189633674604)
   Total Material
     Flux                                 0.000531469 +/- 0.000269984
 Incoming Energy [0.0009293189633674604, 0.0009834830044761819)
   Total Material
     Flux                                 0.000400736 +/- 0.000363338
 Incoming Energy [0.0009834830044761819, 0.0010408039200971756)
   Total Material
     Flux                                 0.000625888 +/- 0.000563886
 Incoming Energy [0.0010408039200971756, 0.0011014657041954854)
   Total Material
     Flux                                 0.00101068 +/- 0.000885038
 Incoming Energy [0.0011014657041954854, 0.0011656630745641142)
   Total Material
     Flux                                 0.00237678 +/- 0.000780752
 Incoming Energy [0.0011656630745641142, 0.0012336020978471708)
   Total Material
     Flux                                 0.000607409 +/- 0.000310524
 Incoming Energy [0.0012336020978471708, 0.0013055008509916058)
   Total Material
     Flux                                 0.000312918 +/- 0.000137147
 Incoming Energy [0.0013055008509916058, 0.0013815901212507115)
   Total Material
     Flux                                 0.00159331 +/- 0.000933421
 Incoming Energy [0.0013815901212507115, 0.0014621141469863593)
   Total Material
     Flux                                 0.00284591 +/- 0.000817631
 Incoming Energy [0.0014621141469863593, 0.001547331401647823)
   Total Material
     Flux                                 0.00128484 +/- 0.000568626
 Incoming Energy [0.001547331401647823, 0.0016375154234437147)
   Total Material
     Flux                                 0.000871058 +/- 0.00025163
 Incoming Energy [0.0016375154234437147, 0.0017329556933701772)
   Total Material
     Flux                                 0.00216459 +/- 0.000829403
 Incoming Energy [0.0017329556933701772, 0.0018339585644136886)
   Total Material
     Flux                                 0.00183513 +/- 0.000580533
 Incoming Energy [0.0018339585644136886, 0.001940848244911166)
   Total Material
     Flux                                 0.00219093 +/- 0.000871095
 Incoming Energy [0.001940848244911166, 0.002053967839223793)
   Total Material
     Flux                                 0.00298701 +/- 0.000934768
 Incoming Energy [0.002053967839223793, 0.0021736804490650684)
   Total Material
     Flux                                 0.00214583 +/- 0.00082988
 Incoming Energy [0.0021736804490650684, 0.0023003703390182023)
   Total Material
     Flux                                 0.00310171 +/- 0.0013029
 Incoming Energy [0.0023003703390182023, 0.0024344441699840256)
   Total Material
     Flux                                 0.0028596 +/- 0.00108071
 Incoming Energy [0.0024344441699840256, 0.002576332304518695)
   Total Material
     Flux                                 0.00246646 +/- 0.000915988
 Incoming Energy [0.002576332304518695, 0.0027264901882511298)
   Total Material
     Flux                                 0.00542668 +/- 0.00222268
 Incoming Energy [0.0027264901882511298, 0.002885399811814427)
   Total Material
     Flux                                 0.00278027 +/- 0.00093107
 Incoming Energy [0.002885399811814427, 0.0030535712579838918)
   Total Material
     Flux                                 0.00376603 +/- 0.00117931
 Incoming Energy [0.0030535712579838918, 0.0032315443389877804)
   Total Material
     Flux                                 0.00720548 +/- 0.00359298
 Incoming Energy [0.0032315443389877804, 0.003419890329246434)
   Total Material
     Flux                                 0.00510297 +/- 0.00165095
 Incoming Energy [0.003419890329246434, 0.0036192137991016156)
   Total Material
     Flux                                 0.00894248 +/- 0.00266673
 Incoming Energy [0.0036192137991016156, 0.003830154555422194)
   Total Material
     Flux                                 0.00599671 +/- 0.00116972
 Incoming Energy [0.003830154555422194, 0.0040533896953152924)
   Total Material
     Flux                                 0.00767857 +/- 0.00189415
 Incoming Energy [0.0040533896953152924, 0.004289635779535044)
   Total Material
     Flux                                 0.0101456 +/- 0.00177412
 Incoming Energy [0.004289635779535044, 0.0045396511325654625)
   Total Material
     Flux                                 0.0114264 +/- 0.00208823
 Incoming Energy [0.0045396511325654625, 0.004804238276760328)
   Total Material
     Flux                                 0.0117677 +/- 0.00186984
 Incoming Energy [0.004804238276760328, 0.0050842465083535135)
   Total Material
     Flux                                 0.0112816 +/- 0.00250419
 Incoming Energy [0.0050842465083535135, 0.0053805746236084305)
   Total Material
     Flux                                 0.0127852 +/- 0.00254204
 Incoming Energy [0.0053805746236084305, 0.005694173803857192)
   Total Material
     Flux                                 0.0213005 +/- 0.00472018
 Incoming Energy [0.005694173803857192, 0.0060260506686902774)
   Total Material
     Flux                                 0.0175485 +/- 0.00298063
 Incoming Energy [0.0060260506686902774, 0.006377270507096952)
   Total Material
     Flux                                 0.0179602 +/- 0.00347539
 Incoming Energy [0.006377270507096952, 0.0067489606969282)
   Total Material
     Flux                                 0.0209594 +/- 0.00312319
 Incoming Energy [0.0067489606969282, 0.00714231432365821)
   Total Material
     Flux                                 0.021236 +/- 0.00318646
 Incoming Energy [0.00714231432365821, 0.007558594010060197)
   Total Material
     Flux                                 0.028174 +/- 0.002629
 Incoming Energy [0.007558594010060197, 0.007999135969089558)
   Total Material
     Flux                                 0.0311897 +/- 0.00422677
 Incoming Energy [0.007999135969089558, 0.008465354292983484)
   Total Material
     Flux                                 0.0326053 +/- 0.004679
 Incoming Energy [0.008465354292983484, 0.00895874549234475)
   Total Material
     Flux                                 0.0373737 +/- 0.0071622
 Incoming Energy [0.00895874549234475, 0.009480893299779585)
   Total Material
     Flux                                 0.0388033 +/- 0.00675385
 Incoming Energy [0.009480893299779585, 0.01003347375350869)
   Total Material
     Flux                                 0.0502583 +/- 0.00570792
 Incoming Energy [0.01003347375350869, 0.010618260577269476)
   Total Material
     Flux                                 0.0491904 +/- 0.00613767
 Incoming Energy [0.010618260577269476, 0.011237130873778135)
   Total Material
     Flux                                 0.0476817 +/- 0.00721409
 Incoming Energy [0.011237130873778135, 0.011892071150027212)
   Total Material
     Flux                                 0.0544139 +/- 0.00612166
 Incoming Energy [0.011892071150027212, 0.012585183693759112)
   Total Material
     Flux                                 0.0584843 +/- 0.00976292
 Incoming Energy [0.012585183693759112, 0.013318693321583235)
   Total Material
     Flux                                 0.0800339 +/- 0.00862248
 Incoming Energy [0.013318693321583235, 0.01409495452039775)
   Total Material
     Flux                                 0.0845315 +/- 0.00799653
 Incoming Energy [0.01409495452039775, 0.014916459005038846)
   Total Material
     Flux                                 0.092772 +/- 0.00773743
 Incoming Energy [0.014916459005038846, 0.015785843716417003)
   Total Material
     Flux                                 0.0788614 +/- 0.0125003
 Incoming Energy [0.015785843716417003, 0.016705899285813338)
   Total Material
     Flux                                 0.108395 +/- 0.0130645
 Incoming Energy [0.016705899285813338, 0.017679578992505333)
   Total Material
     Flux                                 0.117302 +/- 0.0119491
 Incoming Energy [0.017679578992505333, 0.018710008243475327)
   Total Material
     Flux                                 0.124656 +/- 0.00881497
 Incoming Energy [0.018710008243475327, 0.019800494605630194)
   Total Material
     Flux                                 0.141939 +/- 0.00943027
 Incoming Energy [0.019800494605630194, 0.020954538422734877)
   Total Material
     Flux                                 0.1344 +/- 0.0147293
 Incoming Energy [0.020954538422734877, 0.022175844051138923)
   Total Material
     Flux                                 0.151433 +/- 0.0147016
 Incoming Energy [0.022175844051138923, 0.023468331750361223)
   Total Material
     Flux                                 0.153957 +/- 0.0161869
 Incoming Energy [0.023468331750361223, 0.024836150266700975)
   Total Material
     Flux                                 0.151737 +/- 0.0124691
 Incoming Energy [0.024836150266700975, 0.02628369015026629)
   Total Material
     Flux                                 0.183794 +/- 0.019148
 Incoming Energy [0.02628369015026629, 0.027815597848167187)
   Total Material
     Flux                                 0.21611 +/- 0.017906
 Incoming Energy [0.027815597848167187, 0.029436790619110424)
   Total Material
     Flux                                 0.211893 +/- 0.0167737
 Incoming Energy [0.029436790619110424, 0.031152472317270117)
   Total Material
     Flux                                 0.231364 +/- 0.0170643
 Incoming Energy [0.031152472317270117, 0.03296815009609936)
   Total Material
     Flux                                 0.221767 +/- 0.0173507
 Incoming Energy [0.03296815009609936, 0.0348896520856994)
   Total Material
     Flux                                 0.253012 +/- 0.0141507
 Incoming Energy [0.0348896520856994, 0.036923146100489614)
   Total Material
     Flux                                 0.220913 +/- 0.0233962
 Incoming Energy [0.036923146100489614, 0.039075159437227544)
   Total Material
     Flux                                 0.258139 +/- 0.0117889
 Incoming Energy [0.039075159437227544, 0.041352599826928196)
   Total Material
     Flux                                 0.256572 +/- 0.0198281
 Incoming Energy [0.041352599826928196, 0.04376277760793685)
   Total Material
     Flux                                 0.275803 +/- 0.0187756
 Incoming Energy [0.04376277760793685, 0.04631342919132745)
   Total Material
     Flux                                 0.288617 +/- 0.0168424
 Incoming Energy [0.04631342919132745, 0.04901274189394899)
   Total Material
     Flux                                 0.275288 +/- 0.0147421
 Incoming Energy [0.04901274189394899, 0.05186938021883089)
   Total Material
     Flux                                 0.282464 +/- 0.0198922
 Incoming Energy [0.05186938021883089, 0.054892513667304084)
   Total Material
     Flux                                 0.312372 +/- 0.0169718
 Incoming Energy [0.054892513667304084, 0.058091846172113076)
   Total Material
     Flux                                 0.319828 +/- 0.0178752
 Incoming Energy [0.058091846172113076, 0.06147764724599442)
   Total Material
     Flux                                 0.281698 +/- 0.0101112
 Incoming Energy [0.06147764724599442, 0.06506078494570668)
   Total Material
     Flux                                 0.317584 +/- 0.0137361
 Incoming Energy [0.06506078494570668, 0.0688527607573221)
   Total Material
     Flux                                 0.287761 +/- 0.0181245
 Incoming Energy [0.0688527607573221, 0.07286574651475776)
   Total Material
     Flux                                 0.270484 +/- 0.0294124
 Incoming Energy [0.07286574651475776, 0.0771126234700518)
   Total Material
     Flux                                 0.291538 +/- 0.0197953
 Incoming Energy [0.0771126234700518, 0.0816070236407946)
   Total Material
     Flux                                 0.265755 +/- 0.0151723
 Incoming Energy [0.0816070236407946, 0.08636337356743712)
   Total Material
     Flux                                 0.222038 +/- 0.0173393
 Incoming Energy [0.08636337356743712, 0.09139694062093207)
   Total Material
     Flux                                 0.226531 +/- 0.0309313
 Incoming Energy [0.09139694062093207, 0.09672388200934963)
   Total Material
     Flux                                 0.243819 +/- 0.0174318
 Incoming Energy [0.09672388200934963, 0.10236129664077592)
   Total Material
     Flux                                 0.203141 +/- 0.0208621
 Incoming Energy [0.10236129664077592, 0.10832728000896481)
   Total Material
     Flux                                 0.183598 +/- 0.0188934
 Incoming Energy [0.10832728000896481, 0.11464098227792573)
   Total Material
     Flux                                 0.17065 +/- 0.0171701
 Incoming Energy [0.11464098227792573, 0.12132266975188563)
   Total Material
     Flux                                 0.155979 +/- 0.0100268
 Incoming Energy [0.12132266975188563, 0.12839378992794365)
   Total Material
     Flux                                 0.170862 +/- 0.0229677
 Incoming Energy [0.12839378992794365, 0.13587704034022635)
   Total Material
     Flux                                 0.149828 +/- 0.0187735
 Incoming Energy [0.13587704034022635, 0.14379644141652728)
   Total Material
     Flux                                 0.141749 +/- 0.0164254
 Incoming Energy [0.14379644141652728, 0.1521774135812941)
   Total Material
     Flux                                 0.104226 +/- 0.0117192
 Incoming Energy [0.1521774135812941, 0.16104685885245115)
   Total Material
     Flux                                 0.10464 +/- 0.013609
 Incoming Energy [0.16104685885245115, 0.17043324719398067)
   Total Material
     Flux                                 0.081145 +/- 0.0118176
 Incoming Energy [0.17043324719398067, 0.18036670790144016)
   Total Material
     Flux                                 0.0935026 +/- 0.0146021
 Incoming Energy [0.18036670790144016, 0.1908791263137556)
   Total Material
     Flux                                 0.0816011 +/- 0.0192107
 Incoming Energy [0.1908791263137556, 0.2020042461617265)
   Total Material
     Flux                                 0.0764008 +/- 0.0129369
 Incoming Energy [0.2020042461617265, 0.21377777788176494)
   Total Material
     Flux                                 0.0637256 +/- 0.00905459
 Incoming Energy [0.21377777788176494, 0.22623751324255145)
   Total Material
     Flux                                 0.0749308 +/- 0.0112075
 Incoming Energy [0.22623751324255145, 0.23942344665254167)
   Total Material
     Flux                                 0.0587846 +/- 0.00914577
 Incoming Energy [0.23942344665254167, 0.2533779035377089)
   Total Material
     Flux                                 0.0539583 +/- 0.00846462
 Incoming Energy [0.2533779035377089, 0.26814567620160484)
   Total Material
     Flux                                 0.0652418 +/- 0.0126853
 Incoming Energy [0.26814567620160484, 0.28377416760382623)
   Total Material
     Flux                                 0.0608351 +/- 0.0134075
 Incoming Energy [0.28377416760382623, 0.3003135435184112)
   Total Material
     Flux                                 0.0655523 +/- 0.00880377
 Incoming Energy [0.3003135435184112, 0.3178168935605702)
   Total Material
     Flux                                 0.0651649 +/- 0.0110452
 Incoming Energy [0.3178168935605702, 0.3363404015986318)
   Total Material
     Flux                                 0.0528419 +/- 0.00973701
 Incoming Energy [0.3363404015986318, 0.35594352609821095)
   Total Material
     Flux                                 0.0527783 +/- 0.0118697
 Incoming Energy [0.35594352609821095, 0.3766891909774754)
   Total Material
     Flux                                 0.0748538 +/- 0.011337
 Incoming Energy [0.3766891909774754, 0.3986439875861479)
   Total Material
     Flux                                 0.0590201 +/- 0.0120124
 Incoming Energy [0.3986439875861479, 0.4218783884565657)
   Total Material
     Flux                                 0.0769502 +/- 0.011062
 Incoming Energy [0.4218783884565657, 0.4464669735129178)
   Total Material
     Flux                                 0.060177 +/- 0.00695853
 Incoming Energy [0.4464669735129178, 0.4724886694647717)
   Total Material
     Flux                                 0.0809501 +/- 0.0160923
 Incoming Energy [0.4724886694647717, 0.500027003153305)
   Total Material
     Flux                                 0.0534851 +/- 0.0100123
 Incoming Energy [0.500027003153305, 0.529170369663472)
   Total Material
     Flux                                 0.0622103 +/- 0.0120385
 Incoming Energy [0.529170369663472, 0.5600123160627045)
   Total Material
     Flux                                 0.0523999 +/- 0.00816951
 Incoming Energy [0.5600123160627045, 0.5926518416769212)
   Total Material
     Flux                                 0.0529169 +/- 0.00950994
 Incoming Energy [0.5926518416769212, 0.6271937158677048)
   Total Material
     Flux                                 0.0506193 +/- 0.0118368
 Incoming Energy [0.6271937158677048, 0.6637488143306611)
   Total Material
     Flux                                 0.0598848 +/- 0.0103376
 Incoming Energy [0.6637488143306611, 0.7024344749944644)
   Total Material
     Flux                                 0.0388922 +/- 0.0107619
 Incoming Energy [0.7024344749944644, 0.743374874662968)
   Total Material
     Flux                                 0.0491714 +/- 0.00917797
 Incoming Energy [0.743374874662968, 0.7867014276093683)
   Total Material
     Flux                                 0.0389812 +/- 0.00865258
 Incoming Energy [0.7867014276093683, 0.8325532074018732)
   Total Material
     Flux                                 0.0484363 +/- 0.00836827
 Incoming Energy [0.8325532074018732, 0.8810773933148666)
   Total Material
     Flux                                 0.0402383 +/- 0.0111283
 Incoming Energy [0.8810773933148666, 0.9324297427585329)
   Total Material
     Flux                                 0.0411537 +/- 0.00699509
 Incoming Energy [0.9324297427585329, 0.986775091243365)
   Total Material
     Flux                                 0.04324 +/- 0.0094619
 Incoming Energy [0.986775091243365, 1.044287881484397)
   Total Material
     Flux                                 0.055842 +/- 0.0152106
 Incoming Energy [1.044287881484397, 1.105152723343537)
   Total Material
     Flux                                 0.0518231 +/- 0.0122588
 Incoming Energy [1.105152723343537, 1.1695649864073283)
   Total Material
     Flux                                 0.0551089 +/- 0.00588586
 Incoming Energy [1.1695649864073283, 1.2377314271022861)
   Total Material
     Flux                                 0.0487452 +/- 0.0119917
 Incoming Energy [1.2377314271022861, 1.309870852360755)
   Total Material
     Flux                                 0.0695629 +/- 0.0126753
 Incoming Energy [1.309870852360755, 1.3862148219675905)
   Total Material
     Flux                                 0.0459388 +/- 0.0113802
 Incoming Energy [1.3862148219675905, 1.4670083918421386)
   Total Material
     Flux                                 0.0713904 +/- 0.014005
 Incoming Energy [1.4670083918421386, 1.5525109006413247)
   Total Material
     Flux                                 0.0786146 +/- 0.0121724
 Incoming Energy [1.5525109006413247, 1.64299680220882)
   Total Material
     Flux                                 0.0669554 +/- 0.0161155
 Incoming Energy [1.64299680220882, 1.7387565465423147)
   Total Material
     Flux                                 0.0592254 +/- 0.0112697
 Incoming Energy [1.7387565465423147, 1.8400975121067225)
   Total Material
     Flux                                 0.0580996 +/- 0.0150878
 Incoming Energy [1.8400975121067225, 1.9473449924859594)
   Total Material
     Flux                                 0.0452603 +/- 0.0120816
 Incoming Energy [1.9473449924859594, 2.060843240540289)
   Total Material
     Flux                                 0.0424725 +/- 0.0101795
 Incoming Energy [2.060843240540289, 2.180956573420937)
   Total Material
     Flux                                 0.0492023 +/- 0.0118695
 Incoming Energy [2.180956573420937, 2.3080705419889047)
   Total Material
     Flux                                 0.0555606 +/- 0.0103958
 Incoming Energy [2.3080705419889047, 2.4425931683916975)
   Total Material
     Flux                                 0.0661361 +/- 0.0122922
 Incoming Energy [2.4425931683916975, 2.5849562557704893)
   Total Material
     Flux                                 0.0461127 +/- 0.0105125
 Incoming Energy [2.5849562557704893, 2.735616774301668)
   Total Material
     Flux                                 0.0384384 +/- 0.0121356
 Incoming Energy [2.735616774301668, 2.8950583280219)
   Total Material
     Flux                                 0.0524747 +/- 0.0116943
 Incoming Energy [2.8950583280219, 3.0637927071449926)
   Total Material
     Flux                                 0.0697689 +/- 0.0130675
 Incoming Energy [3.0637927071449926, 3.2423615308533487)
   Total Material
     Flux                                 0.0438323 +/- 0.0111645
 Incoming Energy [3.2423615308533487, 3.4313379858372293)
   Total Material
     Flux                                 0.0632535 +/- 0.0150944
 Incoming Energy [3.4313379858372293, 3.6313286661622537)
   Total Material
     Flux                                 0.0425095 +/- 0.00842128
 Incoming Energy [3.6313286661622537, 3.8429755203710374)
   Total Material
     Flux                                 0.0648461 +/- 0.0163749
 Incoming Energy [3.8429755203710374, 4.066957912068862)
   Total Material
     Flux                                 0.0746432 +/- 0.01365
 Incoming Energy [4.066957912068862, 4.303994800607666)
   Total Material
     Flux                                 0.0523305 +/- 0.0116411
 Incoming Energy [4.303994800607666, 4.554847048868157)
   Total Material
     Flux                                 0.0566843 +/- 0.0155588
 Incoming Energy [4.554847048868157, 4.820319865547658)
   Total Material
     Flux                                 0.0355707 +/- 0.00907042
 Incoming Energy [4.820319865547658, 5.101265389793324)
   Total Material
     Flux                                 0.0320021 +/- 0.00624738
 Incoming Energy [5.101265389793324, 5.398585426477014)
   Total Material
     Flux                                 0.0596464 +/- 0.0139886
 Incoming Energy [5.398585426477014, 5.7132343408917885)
   Total Material
     Flux                                 0.0526304 +/- 0.00970867
 Incoming Energy [5.7132343408917885, 6.04622212216174)
   Total Material
     Flux                                 0.0476118 +/- 0.00822029
 Incoming Energy [6.04622212216174, 6.398617625198233)
   Total Material
     Flux                                 0.0216054 +/- 0.00423537
 Incoming Energy [6.398617625198233, 6.771552001609089)
   Total Material
     Flux                                 0.0302759 +/- 0.00577966
 Incoming Energy [6.771552001609089, 7.16622233057339)
   Total Material
     Flux                                 0.0306806 +/- 0.00810319
 Incoming Energy [7.16622233057339, 7.5838954613367)
   Total Material
     Flux                                 0.0341459 +/- 0.00750551
 Incoming Energy [7.5838954613367, 8.025912079660738)
   Total Material
     Flux                                 0.0369526 +/- 0.00965889
 Incoming Energy [8.025912079660738, 8.493691011280191)
   Total Material
     Flux                                 0.0712599 +/- 0.0172747
 Incoming Energy [8.493691011280191, 8.988733776180544)
   Total Material
     Flux                                 0.0547503 +/- 0.00580713
 Incoming Energy [8.988733776180544, 9.512629408315497)
   Total Material
     Flux                                 0.0490298 +/- 0.00626665
 Incoming Energy [9.512629408315497, 10.06705955623478)
   Total Material
     Flux                                 0.0497923 +/- 0.011758
 Incoming Energy [10.06705955623478, 10.653803880994934)
   Total Material
     Flux                                 0.0589322 +/- 0.0125092
 Incoming Energy [10.653803880994934, 11.27474576867951)
   Total Material
     Flux                                 0.0667393 +/- 0.0156373
 Incoming Energy [11.27474576867951, 11.931878375865606)
   Total Material
     Flux                                 0.0447339 +/- 0.00925794
 Incoming Energy [11.931878375865606, 12.627311027441774)
   Total Material
     Flux                                 0.0557062 +/- 0.0175826
 Incoming Energy [12.627311027441774, 13.363275987313688)
   Total Material
     Flux                                 0.0637569 +/- 0.0097756
 Incoming Energy [13.363275987313688, 14.142135623730951)
   Total Material
     Flux                                 0.0325364 +/- 0.00593383
 Incoming Energy [14.142135623730951, 14.966389992234562)
   Total Material
     Flux                                 0.0345645 +/- 0.00631729
 Incoming Energy [14.966389992234562, 15.838684860566024)
   Total Material
     Flux                                 0.0399193 +/- 0.00779166
 Incoming Energy [15.838684860566024, 16.76182020129679)
   Total Material
     Flux                                 0.0409212 +/- 0.00810642
 Incoming Energy [16.76182020129679, 17.73875917943859)
   Total Material
     Flux                                 0.0637973 +/- 0.0129142
 Incoming Energy [17.73875917943859, 18.772637663884094)
   Total Material
     Flux                                 0.0680126 +/- 0.00996037
 Incoming Energy [18.772637663884094, 19.8667742932081)
   Total Material
     Flux                                 0.0484687 +/- 0.00774751
 Incoming Energy [19.8667742932081, 21.02468112814)
   Total Material
     Flux                                 0.0313636 +/- 0.0072885
 Incoming Energy [21.02468112814, 22.250074924900446)
   Total Material
     Flux                                 0.0507448 +/- 0.0104288
 Incoming Energy [22.250074924900446, 23.546889065588402)
   Total Material
     Flux                                 0.0341091 +/- 0.00678113
 Incoming Energy [23.546889065588402, 24.919286183914213)
   Total Material
     Flux                                 0.0677598 +/- 0.00973072
 Incoming Energy [24.919286183914213, 26.371671526805173)
   Total Material
     Flux                                 0.0458533 +/- 0.00962485
 Incoming Energy [26.371671526805173, 27.90870709477386)
   Total Material
     Flux                                 0.0539421 +/- 0.013723
 Incoming Energy [27.90870709477386, 29.53532660643756)
   Total Material
     Flux                                 0.0405858 +/- 0.0099554
 Incoming Energy [29.53532660643756, 31.25675133522358)
   Total Material
     Flux                                 0.0495741 +/- 0.00800011
 Incoming Energy [31.25675133522358, 33.078506869094795)
   Total Material
     Flux                                 0.0359761 +/- 0.0115879
 Incoming Energy [33.078506869094795, 35.00644084709147)
   Total Material
     Flux                                 0.0441514 +/- 0.00491673
 Incoming Energy [35.00644084709147, 37.04674172962297)
   Total Material
     Flux                                 0.0454087 +/- 0.00999238
 Incoming Energy [37.04674172962297, 39.205958662759045)
   Total Material
     Flux                                 0.0367341 +/- 0.00711633
 Incoming Energy [39.205958662759045, 41.491022500283215)
   Total Material
     Flux                                 0.0519837 +/- 0.00943975
 Incoming Energy [41.491022500283215, 43.90926805098722)
   Total Material
     Flux                                 0.0729022 +/- 0.0152789
 Incoming Energy [43.90926805098722, 46.46845762261672)
   Total Material
     Flux                                 0.0406923 +/- 0.0055671
 Incoming Energy [46.46845762261672, 49.17680593804336)
   Total Material
     Flux                                 0.0568412 +/- 0.0165032
 Incoming Energy [49.17680593804336, 52.04300650364032)
   Total Material
     Flux                                 0.0470097 +/- 0.00789219
 Incoming Energy [52.04300650364032, 55.07625951450127)
   Total Material
     Flux                                 0.058367 +/- 0.0144563
 Incoming Energy [55.07625951450127, 58.28630138607608)
   Total Material
     Flux                                 0.0522495 +/- 0.00708741
 Incoming Energy [58.28630138607608, 61.683436007015096)
   Total Material
     Flux                                 0.0469854 +/- 0.0105345
 Incoming Energy [61.683436007015096, 65.2785678135422)
   Total Material
     Flux                                 0.064711 +/- 0.0108491
 Incoming Energy [65.2785678135422, 69.08323679152052)
   Total Material
     Flux                                 0.0449261 +/- 0.00982872
 Incoming Energy [69.08323679152052, 73.10965551856394)
   Total Material
     Flux                                 0.0592625 +/- 0.00824439
 Incoming Energy [73.10965551856394, 77.3707483650963)
   Total Material
     Flux                                 0.0559329 +/- 0.0098842
 Incoming Energy [77.3707483650963, 81.88019298018759)
   Total Material
     Flux                                 0.0470329 +/- 0.00970171
 Incoming Energy [81.88019298018759, 86.65246419533474)
   Total Material
     Flux                                 0.0587164 +/- 0.0117149
 Incoming Energy [86.65246419533474, 91.70288048711151)
   Total Material
     Flux                                 0.0663273 +/- 0.0157169
 Incoming Energy [91.70288048711151, 97.0476531478281)
   Total Material
     Flux                                 0.0653682 +/- 0.0141599
 Incoming Energy [97.0476531478281, 102.70393832203415)
   Total Material
     Flux                                 0.0491962 +/- 0.0114932
 Incoming Energy [102.70393832203415, 108.68989207589362)
   Total Material
     Flux                                 0.0738886 +/- 0.0167061
 Incoming Energy [108.68989207589362, 115.0247286762024)
   Total Material
     Flux                                 0.0404769 +/- 0.00673418
 Incoming Energy [115.0247286762024, 121.72878226611486)
   Total Material
     Flux                                 0.0333173 +/- 0.013027
 Incoming Energy [121.72878226611486, 128.82357213555298)
   Total Material
     Flux                                 0.0530472 +/- 0.010178
 Incoming Energy [128.82357213555298, 136.33187179581014)
   Total Material
     Flux                                 0.0630127 +/- 0.0145099
 Incoming Energy [136.33187179581014, 144.27778208006782)
   Total Material
     Flux                                 0.0422695 +/- 0.00585834
 Incoming Energy [144.27778208006782, 152.6868085044753)
   Total Material
     Flux                                 0.0508254 +/- 0.0125631
 Incoming Energy [152.6868085044753, 161.58594313810892)
   Total Material
     Flux                                 0.0507708 +/- 0.0150568
 Incoming Energy [161.58594313810892, 171.0037512446062)
   Total Material
     Flux                                 0.0651021 +/- 0.00752475
 Incoming Energy [171.0037512446062, 180.97046297358665)
   Total Material
     Flux                                 0.066763 +/- 0.0131989
 Incoming Energy [180.97046297358665, 191.5180703961739)
   Total Material
     Flux                                 0.0547258 +/- 0.0102891
 Incoming Energy [191.5180703961739, 202.68043019609937)
   Total Material
     Flux                                 0.0515638 +/- 0.00825505
 Incoming Energy [202.68043019609937, 214.49337234601015)
   Total Material
     Flux                                 0.0619893 +/- 0.0108029
 Incoming Energy [214.49337234601015, 226.99481511782128)
   Total Material
     Flux                                 0.0517566 +/- 0.0126252
 Incoming Energy [226.99481511782128, 240.22488679628626)
   Total Material
     Flux                                 0.0476255 +/- 0.0103701
 Incoming Energy [240.22488679628626, 254.22605448646618)
   Total Material
     Flux                                 0.067483 +/- 0.0123412
 Incoming Energy [254.22605448646618, 269.0432604285645)
   Total Material
     Flux                                 0.0707407 +/- 0.0122145
 Incoming Energy [269.0432604285645, 284.72406625767695)
   Total Material
     Flux                                 0.0423619 +/- 0.0101519
 Incoming Energy [284.72406625767695, 301.3188056715166)
   Total Material
     Flux                                 0.0594519 +/- 0.0168251
 Incoming Energy [301.3188056715166, 318.88074599616436)
   Total Material
     Flux                                 0.0326746 +/- 0.00602718
 Incoming Energy [318.88074599616436, 337.4662591684448)
   Total Material
     Flux                                 0.0560538 +/- 0.00841526
 Incoming Energy [337.4662591684448, 357.1350026837739)
   Total Material
     Flux                                 0.047375 +/- 0.0103096
 Incoming Energy [357.1350026837739, 377.9501110902926)
   Total Material
     Flux                                 0.0582389 +/- 0.0143308
 Incoming Energy [377.9501110902926, 399.97839864396553)
   Total Material
     Flux                                 0.0485438 +/- 0.0123281
 Incoming Energy [399.97839864396553, 423.2905737751492)
   Total Material
     Flux                                 0.0551451 +/- 0.01061
 Incoming Energy [423.2905737751492, 447.96146605503253)
   Total Material
     Flux                                 0.0577202 +/- 0.0100783
 Incoming Energy [447.96146605503253, 474.0702663905035)
   Total Material
     Flux                                 0.0373625 +/- 0.00766332
 Incoming Energy [474.0702663905035, 501.7007812184298)
   Total Material
     Flux                                 0.0600504 +/- 0.0155314
 Incoming Energy [501.7007812184298, 530.9417015152933)
   Total Material
     Flux                                 0.0623225 +/- 0.0157293
 Incoming Energy [530.9417015152933, 561.8868874856754)
   Total Material
     Flux                                 0.0348664 +/- 0.0079763
 Incoming Energy [561.8868874856754, 594.6356698433983)
   Total Material
     Flux                                 0.0443131 +/- 0.0110238
 Incoming Energy [594.6356698433983, 629.293168652421)
   Total Material
     Flux                                 0.0432405 +/- 0.00790741
 Incoming Energy [629.293168652421, 665.9706307509209)
   Total Material
     Flux                                 0.0519329 +/- 0.00931599
 Incoming Energy [665.9706307509209, 704.7857868416609)
   Total Material
     Flux                                 0.0306664 +/- 0.0059262
 Incoming Energy [704.7857868416609, 745.8632293948696)
   Total Material
     Flux                                 0.0650111 +/- 0.0143384
 Incoming Energy [745.8632293948696, 789.3348125766423)
   Total Material
     Flux                                 0.05647 +/- 0.0106062
 Incoming Energy [789.3348125766423, 835.3400754866182)
   Total Material
     Flux                                 0.0391977 +/- 0.0142403
 Incoming Energy [835.3400754866182, 884.0266900634576)
   Total Material
     Flux                                 0.0501514 +/- 0.0171444
 Incoming Energy [884.0266900634576, 935.550935095859)
   Total Material
     Flux                                 0.057574 +/- 0.00986824
 Incoming Energy [935.550935095859, 990.0781978606437)
   Total Material
     Flux                                 0.0504081 +/- 0.0121607
 Incoming Energy [990.0781978606437, 1047.7835049980924)
   Total Material
     Flux                                 0.0612436 +/- 0.0170476
 Incoming Energy [1047.7835049980924, 1108.8520843286042)
   Total Material
     Flux                                 0.035452 +/- 0.0083706
 Incoming Energy [1108.8520843286042, 1173.4799594140666)
   Total Material
     Flux                                 0.0464708 +/- 0.00896056
 Incoming Energy [1173.4799594140666, 1241.8745787723658)
   Total Material
     Flux                                 0.0474563 +/- 0.013972
 Incoming Energy [1241.8745787723658, 1314.255481764768)
   Total Material
     Flux                                 0.0571269 +/- 0.0103747
 Incoming Energy [1314.255481764768, 1390.8550032936585)
   Total Material
     Flux                                 0.0703153 +/- 0.0133117
 Incoming Energy [1390.8550032936585, 1471.9190195725107)
   Total Material
     Flux                                 0.0530853 +/- 0.0118669
 Incoming Energy [1471.9190195725107, 1557.7077373620855)
   Total Material
     Flux                                 0.0587914 +/- 0.0117752
 Incoming Energy [1557.7077373620855, 1648.4965292060924)
   Total Material
     Flux                                 0.0575916 +/- 0.0133693
 Incoming Energy [1648.4965292060924, 1744.576817347371)
   Total Material
     Flux                                 0.0862091 +/- 0.013504
 Incoming Energy [1744.576817347371, 1846.2570091619498)
   Total Material
     Flux                                 0.0423989 +/- 0.00438666
 Incoming Energy [1846.2570091619498, 1953.8634871134473)
   Total Material
     Flux                                 0.0385289 +/- 0.00570776
 Incoming Energy [1953.8634871134473, 2067.7416564056766)
   Total Material
     Flux                                 0.0550674 +/- 0.0109914
 Incoming Energy [2067.7416564056766, 2188.2570536961243)
   Total Material
     Flux                                 0.0701895 +/- 0.00809427
 Incoming Energy [2188.2570536961243, 2315.796520429223)
   Total Material
     Flux                                 0.0552768 +/- 0.0138585
 Incoming Energy [2315.796520429223, 2450.7694445557804)
   Total Material
     Flux                                 0.0674437 +/- 0.0113853
 Incoming Energy [2450.7694445557804, 2593.609074624133)
   Total Material
     Flux                                 0.063716 +/- 0.0161884
 Incoming Energy [2593.609074624133, 2744.773910461387)
   Total Material
     Flux                                 0.0577865 +/- 0.00659555
 Incoming Energy [2744.773910461387, 2904.749174908452)
   Total Material
     Flux                                 0.0635702 +/- 0.0123872
 Incoming Energy [2904.749174908452, 3074.0483713330595)
   Total Material
     Flux                                 0.0318797 +/- 0.00755179
 Incoming Energy [3074.0483713330595, 3253.2149319203436)
   Total Material
     Flux                                 0.0627622 +/- 0.00994671
 Incoming Energy [3253.2149319203436, 3442.8239620315253)
   Total Material
     Flux                                 0.0685451 +/- 0.0115342
 Incoming Energy [3442.8239620315253, 3643.4840862302663)
   Total Material
     Flux                                 0.0423925 +/- 0.00731337
 Incoming Energy [3643.4840862302663, 3855.8394019019247)
   Total Material
     Flux                                 0.063056 +/- 0.0176275
 Incoming Energy [3855.8394019019247, 4080.5715467367395)
   Total Material
     Flux                                 0.067161 +/- 0.00644842
 Incoming Energy [4080.5715467367395, 4318.401886713502)
   Total Material
     Flux                                 0.0539833 +/- 0.0159353
 Incoming Energy [4318.401886713502, 4570.093831606522)
   Total Material
     Flux                                 0.0515321 +/- 0.0155928
 Incoming Energy [4570.093831606522, 4836.455285448892)
   Total Material
     Flux                                 0.0787171 +/- 0.0196936
 Incoming Energy [4836.455285448892, 5118.341239817365)
   Total Material
     Flux                                 0.0469241 +/- 0.0121017
 Incoming Energy [5118.341239817365, 5416.656518263159)
   Total Material
     Flux                                 0.0897968 +/- 0.0190237
 Incoming Energy [5416.656518263159, 5732.358680698247)
   Total Material
     Flux                                 0.0792905 +/- 0.0105965
 Incoming Energy [5732.358680698247, 6066.461097059349)
   Total Material
     Flux                                 0.0650001 +/- 0.00910693
 Incoming Energy [6066.461097059349, 6420.036200116452)
   Total Material
     Flux                                 0.0497012 +/- 0.00883484
 Incoming Energy [6420.036200116452, 6794.218927866411)
   Total Material
     Flux                                 0.0590957 +/- 0.0130242
 Incoming Energy [6794.218927866411, 7190.210366561592)
   Total Material
     Flux                                 0.0663612 +/- 0.013773
 Incoming Energy [7190.210366561592, 7609.28160606757)
   Total Material
     Flux                                 0.0578369 +/- 0.0141139
 Incoming Energy [7609.28160606757, 8052.777819924446)
   Total Material
     Flux                                 0.0923864 +/- 0.0162429
 Incoming Energy [8052.777819924446, 8522.12258320924)
   Total Material
     Flux                                 0.0989011 +/- 0.0226782
 Incoming Energy [8522.12258320924, 9018.822442058465)
   Total Material
     Flux                                 0.0643863 +/- 0.0136509
 Incoming Energy [9018.822442058465, 9544.471749518836)
   Total Material
     Flux                                 0.0550674 +/- 0.0111562
 Incoming Energy [9544.471749518836, 10100.757783249082)
   Total Material
     Flux                                 0.0497865 +/- 0.0110429
 Incoming Energy [10100.757783249082, 10689.46616149918)
   Total Material
     Flux                                 0.0556502 +/- 0.00749882
 Incoming Energy [10689.46616149918, 11312.486574752893)
   Total Material
     Flux                                 0.0904105 +/- 0.0198074
 Incoming Energy [11312.486574752893, 11971.81885143056)
   Total Material
     Flux                                 0.0742822 +/- 0.016504
 Incoming Energy [11971.81885143056, 12669.579377122778)
   Total Material
     Flux                                 0.0564884 +/- 0.0142512
 Incoming Energy [12669.579377122778, 13408.007887960524)
   Total Material
     Flux                                 0.0620553 +/- 0.0108334
 Incoming Energy [13408.007887960524, 14189.47465992649)
   Total Material
     Flux                                 0.0466638 +/- 0.00694026
 Incoming Energy [14189.47465992649, 15016.488117186047)
   Total Material
     Flux                                 0.058058 +/- 0.00698
 Incoming Energy [15016.488117186047, 15891.702883858483)
   Total Material
     Flux                                 0.0564488 +/- 0.0124937
 Incoming Energy [15891.702883858483, 16817.928305074292)
   Total Material
     Flux                                 0.0584843 +/- 0.00978571
 Incoming Energy [16817.928305074292, 17798.137464670897)
   Total Material
     Flux                                 0.0878521 +/- 0.0184408
 Incoming Energy [17798.137464670897, 18835.476728470996)
   Total Material
     Flux                                 0.0908508 +/- 0.0157369
 Incoming Energy [18835.476728470996, 19933.275843778443)
   Total Material
     Flux                                 0.0884868 +/- 0.0133675
 Incoming Energy [19933.275843778443, 21095.058627508242)
   Total Material
     Flux                                 0.0734972 +/- 0.0224848
 Incoming Energy [21095.058627508242, 22324.554277259027)
   Total Material
     Flux                                 0.0833437 +/- 0.0139342
 Incoming Energy [22324.554277259027, 23625.709341636273)
   Total Material
     Flux                                 0.0599151 +/- 0.0115112
 Incoming Energy [23625.709341636273, 25002.700388247526)
   Total Material
     Flux                                 0.0852729 +/- 0.0139717
 Incoming Energy [25002.700388247526, 26459.94741003519)
   Total Material
     Flux                                 0.059957 +/- 0.0145511
 Incoming Energy [26459.94741003519, 28002.12801297756)
   Total Material
     Flux                                 0.0590133 +/- 0.0112333
 Incoming Energy [28002.12801297756, 29634.192430699786)
   Total Material
     Flux                                 0.0907865 +/- 0.0218642
 Incoming Energy [29634.192430699786, 31361.37941419145)
   Total Material
     Flux                                 0.0570326 +/- 0.010934
 Incoming Energy [31361.37941419145, 33189.23304763199)
   Total Material
     Flux                                 0.0591547 +/- 0.0126686
 Incoming Energy [33189.23304763199, 35123.62054430465)
   Total Material
     Flux                                 0.0657165 +/- 0.0155879
 Incoming Energy [35123.62054430465, 37170.751079718764)
   Total Material
     Flux                                 0.104701 +/- 0.0188746
 Incoming Energy [37170.751079718764, 39337.19572239392)
   Total Material
     Flux                                 0.0692789 +/- 0.0101124
 Incoming Energy [39337.19572239392, 41629.90852628314)
   Total Material
     Flux                                 0.0727596 +/- 0.0104346
 Incoming Energy [41629.90852628314, 44056.24885253585)
   Total Material
     Flux                                 0.0938946 +/- 0.021997
 Incoming Energy [44056.24885253585, 46624.004992255526)
   Total Material
     Flux                                 0.0658995 +/- 0.0160827
 Incoming Energy [46624.004992255526, 49341.41916607489)
   Total Material
     Flux                                 0.0846053 +/- 0.0150016
 Incoming Energy [49341.41916607489, 52217.21398079567)
   Total Material
     Flux                                 0.0900444 +/- 0.0141638
 Incoming Energy [52217.21398079567, 55260.62042801835)
   Total Material
     Flux                                 0.0838004 +/- 0.0131446
 Incoming Energy [55260.62042801835, 58481.40751462922)
   Total Material
     Flux                                 0.104334 +/- 0.0225249
 Incoming Energy [58481.40751462922, 61889.913620261825)
   Total Material
     Flux                                 0.111462 +/- 0.0202866
 Incoming Energy [61889.913620261825, 65497.07968238135)
   Total Material
     Flux                                 0.0532118 +/- 0.0129487
 Incoming Energy [65497.07968238135, 69314.48431551465)
   Total Material
     Flux                                 0.0796257 +/- 0.0188691
 Incoming Energy [69314.48431551465, 73354.38097735753)
   Total Material
     Flux                                 0.101638 +/- 0.0187407
 Incoming Energy [73354.38097735753, 77629.73730105201)
   Total Material
     Flux                                 0.0676816 +/- 0.014291
 Incoming Energy [77629.73730105201, 82154.2767198938)
   Total Material
     Flux                                 0.109382 +/- 0.0183735
 Incoming Energy [82154.2767198938, 86942.52251807437)
   Total Material
     Flux                                 0.0945771 +/- 0.0114047
 Incoming Energy [86942.52251807437, 92009.84444885768)
   Total Material
     Flux                                 0.125005 +/- 0.0238212
 Incoming Energy [92009.84444885768, 97372.50806983514)
   Total Material
     Flux                                 0.0959655 +/- 0.0167497
 Incoming Energy [97372.50806983514, 103047.72695361062)
   Total Material
     Flux                                 0.104774 +/- 0.0244589
 Incoming Energy [103047.72695361062, 109053.71794151698)
   Total Material
     Flux                                 0.0902658 +/- 0.0131392
 Incoming Energy [109053.71794151698, 115409.75961771364)
   Total Material
     Flux                                 0.153193 +/- 0.0199222
 Incoming Energy [115409.75961771364, 122136.25419136364)
   Total Material
     Flux                                 0.0900443 +/- 0.0152827
 Incoming Energy [122136.25419136364, 129254.79298553085)
   Total Material
     Flux                                 0.117922 +/- 0.0285906
 Incoming Energy [129254.79298553085, 136788.22574299743)
   Total Material
     Flux                                 0.0901982 +/- 0.0197119
 Incoming Energy [136788.22574299743, 144760.73397148054)
   Total Material
     Flux                                 0.124999 +/- 0.0170076
 Incoming Energy [144760.73397148054, 153197.90856366622)
   Total Material
     Flux                                 0.146978 +/- 0.0146591
 Incoming Energy [153197.90856366622, 162126.8319412162)
   Total Material
     Flux                                 0.114165 +/- 0.0114047
 Incoming Energy [162126.8319412162, 171576.1649864291)
   Total Material
     Flux                                 0.140068 +/- 0.0380733
 Incoming Energy [171576.1649864291, 181576.23904058)
   Total Material
     Flux                                 0.121962 +/- 0.018401
 Incoming Energy [181576.23904058, 192159.15326426385)
   Total Material
     Flux                                 0.141466 +/- 0.0225151
 Incoming Energy [192159.15326426385, 203358.87767224156)
   Total Material
     Flux                                 0.141641 +/- 0.0157834
 Incoming Energy [203358.87767224156, 215211.36217352576)
   Total Material
     Flux                                 0.164877 +/- 0.0274184
 Incoming Energy [215211.36217352576, 227754.65196672245)
   Total Material
     Flux                                 0.23269 +/- 0.0129997
 Incoming Energy [227754.65196672245, 241029.00966101373)
   Total Material
     Flux                                 0.167417 +/- 0.0217364
 Incoming Energy [241029.00966101373, 255077.04451480263)
   Total Material
     Flux                                 0.168967 +/- 0.019608
 Incoming Energy [255077.04451480263, 269943.84920684085)
   Total Material
     Flux                                 0.17502 +/- 0.0273059
 Incoming Energy [269943.84920684085, 285677.14457886684)
   Total Material
     Flux                                 0.17168 +/- 0.0456845
 Incoming Energy [285677.14457886684, 302327.4328143757)
   Total Material
     Flux                                 0.214133 +/- 0.0303262
 Incoming Energy [302327.4328143757, 319948.159545179)
   Total Material
     Flux                                 0.176209 +/- 0.0177699
 Incoming Energy [319948.159545179, 338595.88540613494)
   Total Material
     Flux                                 0.221737 +/- 0.0236629
 Incoming Energy [338595.88540613494, 358330.4675886905)
   Total Material
     Flux                                 0.164559 +/- 0.0276855
 Incoming Energy [358330.4675886905, 379215.2519760141)
   Total Material
     Flux                                 0.190184 +/- 0.0185002
 Incoming Energy [379215.2519760141, 401317.27647646767)
   Total Material
     Flux                                 0.161426 +/- 0.0340141
 Incoming Energy [401317.27647646767, 424707.4862080598)
   Total Material
     Flux                                 0.155922 +/- 0.0233522
 Incoming Energy [424707.4862080598, 449460.96122464386)
   Total Material
     Flux                                 0.159424 +/- 0.0182268
 Incoming Energy [449460.96122464386, 475657.1575147995)
   Total Material
     Flux                                 0.157709 +/- 0.0158231
 Incoming Energy [475657.1575147995, 503380.16204699164)
   Total Material
     Flux                                 0.223788 +/- 0.039088
 Incoming Energy [503380.16204699164, 532718.9626796957)
   Total Material
     Flux                                 0.243017 +/- 0.0378436
 Incoming Energy [532718.9626796957, 563767.7338028221)
   Total Material
     Flux                                 0.289166 +/- 0.026819
 Incoming Energy [563767.7338028221, 596626.1386273791)
   Total Material
     Flux                                 0.229194 +/- 0.030471
 Incoming Energy [596626.1386273791, 631399.6490936391)
   Total Material
     Flux                                 0.248603 +/- 0.0311872
 Incoming Energy [631399.6490936391, 668199.8844246987)
   Total Material
     Flux                                 0.297799 +/- 0.0486477
 Incoming Energy [668199.8844246987, 707144.9694121798)
   Total Material
     Flux                                 0.274985 +/- 0.0305587
 Incoming Energy [707144.9694121798, 748359.9135840663)
   Total Material
     Flux                                 0.359233 +/- 0.0552044
 Incoming Energy [748359.9135840663, 791977.0124718435)
   Total Material
     Flux                                 0.373611 +/- 0.0289547
 Incoming Energy [791977.0124718435, 838136.2722648961)
   Total Material
     Flux                                 0.300333 +/- 0.0387552
 Incoming Energy [838136.2722648961, 886985.8592152856)
   Total Material
     Flux                                 0.329687 +/- 0.0474772
 Incoming Energy [886985.8592152856, 938682.5752354843)
   Total Material
     Flux                                 0.357341 +/- 0.0432777
 Incoming Energy [938682.5752354843, 993392.3612155964)
   Total Material
     Flux                                 0.14228 +/- 0.0306327
 Incoming Energy [993392.3612155964, 1051290.829675767)
   Total Material
     Flux                                 0.171879 +/- 0.0218025
 Incoming Energy [1051290.829675767, 1112563.8284634468)
   Total Material
     Flux                                 0.252235 +/- 0.0522753
 Incoming Energy [1112563.8284634468, 1177408.0373049495)
   Total Material
     Flux                                 0.286549 +/- 0.0654023
 Incoming Energy [1177408.0373049495, 1246031.5991262207)
   Total Material
     Flux                                 0.260786 +/- 0.0388796
 Incoming Energy [1246031.5991262207, 1318654.7881691733)
   Total Material
     Flux                                 0.309086 +/- 0.0706938
 Incoming Energy [1318654.7881691733, 1395510.7170483125)
   Total Material
     Flux                                 0.232065 +/- 0.0410533
 Incoming Energy [1395510.7170483125, 1476846.0850171046)
   Total Material
     Flux                                 0.274677 +/- 0.0417564
 Incoming Energy [1476846.0850171046, 1562921.969845991)
   Total Material
     Flux                                 0.35894 +/- 0.0660221
 Incoming Energy [1562921.969845991, 1654014.6658539518)
   Total Material
     Flux                                 0.377276 +/- 0.0749113
 Incoming Energy [1654014.6658539518, 1750416.570783459)
   Total Material
     Flux                                 0.375146 +/- 0.0735231
 Incoming Energy [1750416.570783459, 1852437.1243657821)
   Total Material
     Flux                                 0.246132 +/- 0.0372788
 Incoming Energy [1852437.1243657821, 1960403.801589176)
   Total Material
     Flux                                 0.272464 +/- 0.0327023
 Incoming Energy [1960403.801589176, 2074663.1638582961)
   Total Material
     Flux                                 0.241788 +/- 0.0363497
 Incoming Energy [2074663.1638582961, 2195581.9714190345)
   Total Material
     Flux                                 0.326357 +/- 0.0611488
 Incoming Energy [2195581.9714190345, 2323548.360619339)
   Total Material
     Flux                                 0.37494 +/- 0.0763903
 Incoming Energy [2323548.360619339, 2458973.0897851423)
   Total Material
     Flux                                 0.390751 +/- 0.0855851
 Incoming Energy [2458973.0897851423, 2602290.857710323)
   Total Material
     Flux                                 0.397282 +/- 0.10048
 Incoming Energy [2602290.857710323, 2753961.698992977)
   Total Material
     Flux                                 0.333252 +/- 0.0927916
 Incoming Energy [2753961.698992977, 2914472.460697001)
   Total Material
     Flux                                 0.2742 +/- 0.0481311
 Incoming Energy [2914472.460697001, 3084338.365078642)
   Total Material
     Flux                                 0.263585 +/- 0.0477005
 Incoming Energy [3084338.365078642, 3264104.663394523)
   Total Material
     Flux                                 0.184327 +/- 0.0306781
 Incoming Energy [3264104.663394523, 3454348.386099415)
   Total Material
     Flux                                 0.219747 +/- 0.0685618
 Incoming Energy [3454348.386099415, 3655680.195051801)
   Total Material
     Flux                                 0.328911 +/- 0.0794448
 Incoming Energy [3655680.195051801, 3868746.3436727654)
   Total Material
     Flux                                 0.126264 +/- 0.0299841
 Incoming Energy [3868746.3436727654, 4094230.751349748)
   Total Material
     Flux                                 0.162112 +/- 0.0453698
 Incoming Energy [4094230.751349748, 4332857.198744221)
   Total Material
     Flux                                 0.195675 +/- 0.0475475
 Incoming Energy [4332857.198744221, 4585391.651049606)
   Total Material
     Flux                                 0.142074 +/- 0.0318736
 Incoming Energy [4585391.651049606, 4852644.716656989)
   Total Material
     Flux                                 0.103464 +/- 0.033823
 Incoming Energy [4852644.716656989, 5135474.249120872)
   Total Material
     Flux                                 0.103895 +/- 0.0428123
 Incoming Energy [5135474.249120872, 5434788.100776524)
   Total Material
     Flux                                 0.0844545 +/- 0.0284881
 Incoming Energy [5434788.100776524, 5751547.036848338)
   Total Material
     Flux                                 0.112909 +/- 0.0465706
 Incoming Energy [5751547.036848338, 6086767.819402659)
   Total Material
     Flux                                 0.0806859 +/- 0.0524564
 Incoming Energy [6086767.819402659, 6441526.471044417)
   Total Material
     Flux                                 0.127674 +/- 0.0497526
 Incoming Energy [6441526.471044417, 6816961.728833966)
   Total Material
     Flux                                 0.08847 +/- 0.0362253
 Incoming Energy [6816961.728833966, 7214278.699510192)
   Total Material
     Flux                                 0.0687721 +/- 0.0353386
 Incoming Energy [7214278.699510192, 7634752.727753518)
   Total Material
     Flux                                 0.0194652 +/- 0.0149581
 Incoming Energy [7634752.727753518, 8079733.489904895)
   Total Material
     Flux                                 0.00166833 +/- 0.00166833
 Incoming Energy [8079733.489904895, 8550649.326281369)
   Total Material
     Flux                                 0.00129527 +/- 0.00129527
 Incoming Energy [8550649.326281369, 9049011.825994886)
   Total Material
     Flux                                 0 +/- 0
 Incoming Energy [9049011.825994886, 9576420.678990252)
   Total Material
     Flux                                 0.0537081 +/- 0.0452841
 Incoming Energy [9576420.678990252, 10134568.810877798)
   Total Material
     Flux                                 0 +/- 0
 Incoming Energy [10134568.810877798, 10725247.817042144)
   Total Material
     Flux                                 0 +/- 0
 Incoming Energy [10725247.817042144, 11350353.713470269)
   Total Material
     Flux                                 0 +/- 0
 Incoming Energy [11350353.713470269, 12011893.022758922)
   Total Material
     Flux                                 0 +/- 0
 Incoming Energy [12011893.022758922, 12711989.214835651)
   Total Material
     Flux                                 0 +/- 0
 Incoming Energy [12711989.214835651, 13452889.523068901)
   Total Material
     Flux                                 0 +/- 0
 Incoming Energy [13452889.523068901, 14236972.157644926)
   Total Material
     Flux                                 0 +/- 0
 Incoming Energy [14236972.157644926, 15066753.93936615)
   Total Material
     Flux                                 0 +/- 0
 Incoming Energy [15066753.93936615, 15944898.378375264)
   Total Material
     Flux                                 0.0155789 +/- 0.0155789
 Incoming Energy [15944898.378375264, 16874224.2237354)
   Total Material
     Flux                                 0 +/- 0
 Incoming Energy [16874224.2237354, 17857714.511311464)
   Total Material
     Flux                                 0 +/- 0
 Incoming Energy [17857714.511311464, 18898526.13899377)
   Total Material
     Flux                                 0 +/- 0
 Incoming Energy [18898526.13899377, 20000000.000000004)
   Total Material
     Flux                                 0 +/- 0
